<?xml version="1.0" encoding="UTF-8"?>
<!-- Generated by org.testng.reporters.JUnitReportReporter -->
<testsuite hostname="YP1009097DT" name="test_package.Test_Case_globalqa_mul_selections" tests="3" failures="0" timestamp="22 Mar 2019 08:06:59 GMT" time="31.880" errors="0">
  <testcase name="Test_multiple_selection_1" time="11.049" classname="test_package.Test_Case_globalqa_mul_selections"/>
  <testcase name="drawbox_to_select_elements" time="19.625" classname="test_package.Test_Case_globalqa_mul_selections"/>
  <testcase name="Test_multiple_selection_2" time="1.206" classname="test_package.Test_Case_globalqa_mul_selections"/>
</testsuite> <!-- test_package.Test_Case_globalqa_mul_selections -->
