<?xml version="1.0" encoding="UTF-8"?>
<!-- Generated by org.testng.reporters.JUnitReportReporter -->
<testsuite hostname="YP1009097DT" name="test_package.TestCase_globalqa_drag_drop" tests="4" failures="0" timestamp="22 Mar 2019 05:22:43 GMT" time="4.559" errors="0">
  <testcase name="Test_drag_drop_High_Tatras_4" time="0.565" classname="test_package.TestCase_globalqa_drag_drop"/>
  <testcase name="Test_drag_drop_High_Tatras" time="3.062" classname="test_package.TestCase_globalqa_drag_drop"/>
  <testcase name="Test_drag_drop_High_Tatras_3" time="0.522" classname="test_package.TestCase_globalqa_drag_drop"/>
  <testcase name="Test_drag_drop_High_Tatras_2" time="0.410" classname="test_package.TestCase_globalqa_drag_drop"/>
</testsuite> <!-- test_package.TestCase_globalqa_drag_drop -->
