<?xml version="1.0" encoding="UTF-8"?>
<!-- Generated by org.testng.reporters.JUnitReportReporter -->
<testsuite hostname="YP1009097DT" name="test_package.TestCase_global_qa" tests="1" failures="0" timestamp="14 Mar 2019 11:10:13 GMT" time="0.989" errors="0">
  <testcase name="Test_drag_drop" time="0.989" classname="test_package.TestCase_global_qa"/>
</testsuite> <!-- test_package.TestCase_global_qa -->
